C:\Program Files\Microsoft Visual Studio\2022\Community\MSBuild\Microsoft\VC\v170\Microsoft.CppBuild.targets(538,5): warning MSB8028: 중간 디렉터리(x64\Debug\)에 다른 프로젝트(FrameWork.vcxproj)에서 공유하는 파일이 포함되어 있습니다.  이로 인해 잘못된 정리 및 다시 빌드 동작이 수행될 수 있습니다.
  Block.cpp
C:\Users\M\Desktop\IceClimber\FrameWork\Block.cpp(704,47): warning C4244: '인수': 'double'에서 'float'(으)로 변환하면서 데이터가 손실될 수 있습니다.
C:\Users\M\Desktop\IceClimber\FrameWork\Block.cpp(704,40): warning C4244: '인수': 'double'에서 'float'(으)로 변환하면서 데이터가 손실될 수 있습니다.
C:\Users\M\Desktop\IceClimber\FrameWork\Block.cpp(704,31): warning C4244: '인수': 'int'에서 'float'(으)로 변환하면서 데이터가 손실될 수 있습니다.
C:\Users\M\Desktop\IceClimber\FrameWork\Block.cpp(704,20): warning C4244: '인수': 'int'에서 'float'(으)로 변환하면서 데이터가 손실될 수 있습니다.
C:\Users\M\Desktop\IceClimber\FrameWork\Block.cpp(708,52): warning C4244: '인수': 'double'에서 'float'(으)로 변환하면서 데이터가 손실될 수 있습니다.
C:\Users\M\Desktop\IceClimber\FrameWork\Block.cpp(708,45): warning C4244: '인수': 'double'에서 'float'(으)로 변환하면서 데이터가 손실될 수 있습니다.
C:\Users\M\Desktop\IceClimber\FrameWork\Block.cpp(708,36): warning C4244: '인수': 'int'에서 'float'(으)로 변환하면서 데이터가 손실될 수 있습니다.
C:\Users\M\Desktop\IceClimber\FrameWork\Block.cpp(708,25): warning C4244: '인수': 'int'에서 'float'(으)로 변환하면서 데이터가 손실될 수 있습니다.
C:\Users\M\Desktop\IceClimber\FrameWork\Block.cpp(733,59): warning C4244: '인수': 'double'에서 'int'(으)로 변환하면서 데이터가 손실될 수 있습니다.
C:\Users\M\Desktop\IceClimber\FrameWork\Block.cpp(733,35): warning C4244: '인수': 'double'에서 'int'(으)로 변환하면서 데이터가 손실될 수 있습니다.
C:\Users\M\Desktop\IceClimber\FrameWork\Block.cpp(734,61): warning C4244: '인수': 'double'에서 'int'(으)로 변환하면서 데이터가 손실될 수 있습니다.
C:\Users\M\Desktop\IceClimber\FrameWork\Block.cpp(734,37): warning C4244: '인수': 'double'에서 'int'(으)로 변환하면서 데이터가 손실될 수 있습니다.
C:\Users\M\Desktop\IceClimber\FrameWork\Block.cpp(735,35): warning C4244: '인수': 'double'에서 'int'(으)로 변환하면서 데이터가 손실될 수 있습니다.
C:\Users\M\Desktop\IceClimber\FrameWork\Block.cpp(736,36): warning C4244: '인수': 'double'에서 'int'(으)로 변환하면서 데이터가 손실될 수 있습니다.
C:\Users\M\Desktop\IceClimber\FrameWork\Block.cpp(759,58): warning C4244: '인수': 'double'에서 'float'(으)로 변환하면서 데이터가 손실될 수 있습니다.
C:\Users\M\Desktop\IceClimber\FrameWork\Block.cpp(759,51): warning C4244: '인수': 'double'에서 'float'(으)로 변환하면서 데이터가 손실될 수 있습니다.
C:\Users\M\Desktop\IceClimber\FrameWork\Block.cpp(759,36): warning C4244: '인수': 'int'에서 'float'(으)로 변환하면서 데이터가 손실될 수 있습니다.
C:\Users\M\Desktop\IceClimber\FrameWork\Block.cpp(759,20): warning C4244: '인수': 'int'에서 'float'(으)로 변환하면서 데이터가 손실될 수 있습니다.
C:\Users\M\Desktop\IceClimber\FrameWork\Block.cpp(763,63): warning C4244: '인수': 'double'에서 'float'(으)로 변환하면서 데이터가 손실될 수 있습니다.
C:\Users\M\Desktop\IceClimber\FrameWork\Block.cpp(763,56): warning C4244: '인수': 'double'에서 'float'(으)로 변환하면서 데이터가 손실될 수 있습니다.
C:\Users\M\Desktop\IceClimber\FrameWork\Block.cpp(763,41): warning C4244: '인수': 'int'에서 'float'(으)로 변환하면서 데이터가 손실될 수 있습니다.
C:\Users\M\Desktop\IceClimber\FrameWork\Block.cpp(763,25): warning C4244: '인수': 'int'에서 'float'(으)로 변환하면서 데이터가 손실될 수 있습니다.
  BlockManager.cpp
  Character.cpp
C:\Users\M\Desktop\IceClimber\FrameWork\Character.cpp(1077,99): warning C4305: '인수': 'double'에서 'float'(으)로 잘립니다.
C:\Users\M\Desktop\IceClimber\FrameWork\Character.cpp(1077,94): warning C4305: '인수': 'double'에서 'float'(으)로 잘립니다.
C:\Users\M\Desktop\IceClimber\FrameWork\Character.cpp(1077,79): warning C4244: '인수': 'int'에서 'float'(으)로 변환하면서 데이터가 손실될 수 있습니다.
C:\Users\M\Desktop\IceClimber\FrameWork\Character.cpp(1077,47): warning C4244: '인수': 'int'에서 'float'(으)로 변환하면서 데이터가 손실될 수 있습니다.
C:\Users\M\Desktop\IceClimber\FrameWork\Character.cpp(1078,80): warning C4244: '인수': 'int'에서 'float'(으)로 변환하면서 데이터가 손실될 수 있습니다.
C:\Users\M\Desktop\IceClimber\FrameWork\Character.cpp(1078,38): warning C4244: '인수': 'int'에서 'float'(으)로 변환하면서 데이터가 손실될 수 있습니다.
C:\Users\M\Desktop\IceClimber\FrameWork\Character.cpp(1083,80): warning C4244: '인수': 'int'에서 'float'(으)로 변환하면서 데이터가 손실될 수 있습니다.
C:\Users\M\Desktop\IceClimber\FrameWork\Character.cpp(1083,38): warning C4244: '인수': 'int'에서 'float'(으)로 변환하면서 데이터가 손실될 수 있습니다.
C:\Users\M\Desktop\IceClimber\FrameWork\Character.cpp(1093,102): warning C4244: '인수': 'double'에서 'float'(으)로 변환하면서 데이터가 손실될 수 있습니다.
C:\Users\M\Desktop\IceClimber\FrameWork\Character.cpp(1093,94): warning C4244: '인수': 'double'에서 'float'(으)로 변환하면서 데이터가 손실될 수 있습니다.
C:\Users\M\Desktop\IceClimber\FrameWork\Character.cpp(1093,79): warning C4244: '인수': 'int'에서 'float'(으)로 변환하면서 데이터가 손실될 수 있습니다.
C:\Users\M\Desktop\IceClimber\FrameWork\Character.cpp(1093,47): warning C4244: '인수': 'int'에서 'float'(으)로 변환하면서 데이터가 손실될 수 있습니다.
C:\Users\M\Desktop\IceClimber\FrameWork\Character.cpp(1095,100): warning C4244: '인수': 'double'에서 'float'(으)로 변환하면서 데이터가 손실될 수 있습니다.
C:\Users\M\Desktop\IceClimber\FrameWork\Character.cpp(1095,92): warning C4244: '인수': 'double'에서 'float'(으)로 변환하면서 데이터가 손실될 수 있습니다.
C:\Users\M\Desktop\IceClimber\FrameWork\Character.cpp(1095,77): warning C4244: '인수': 'int'에서 'float'(으)로 변환하면서 데이터가 손실될 수 있습니다.
C:\Users\M\Desktop\IceClimber\FrameWork\Character.cpp(1095,45): warning C4244: '인수': 'int'에서 'float'(으)로 변환하면서 데이터가 손실될 수 있습니다.
C:\Users\M\Desktop\IceClimber\FrameWork\Character.cpp(1097,100): warning C4244: '인수': 'double'에서 'float'(으)로 변환하면서 데이터가 손실될 수 있습니다.
C:\Users\M\Desktop\IceClimber\FrameWork\Character.cpp(1097,92): warning C4244: '인수': 'double'에서 'float'(으)로 변환하면서 데이터가 손실될 수 있습니다.
C:\Users\M\Desktop\IceClimber\FrameWork\Character.cpp(1097,77): warning C4244: '인수': 'int'에서 'float'(으)로 변환하면서 데이터가 손실될 수 있습니다.
C:\Users\M\Desktop\IceClimber\FrameWork\Character.cpp(1097,45): warning C4244: '인수': 'int'에서 'float'(으)로 변환하면서 데이터가 손실될 수 있습니다.
C:\Users\M\Desktop\IceClimber\FrameWork\Character.cpp(1099,99): warning C4244: '인수': 'double'에서 'float'(으)로 변환하면서 데이터가 손실될 수 있습니다.
C:\Users\M\Desktop\IceClimber\FrameWork\Character.cpp(1099,91): warning C4244: '인수': 'double'에서 'float'(으)로 변환하면서 데이터가 손실될 수 있습니다.
C:\Users\M\Desktop\IceClimber\FrameWork\Character.cpp(1099,76): warning C4244: '인수': 'int'에서 'float'(으)로 변환하면서 데이터가 손실될 수 있습니다.
C:\Users\M\Desktop\IceClimber\FrameWork\Character.cpp(1099,44): warning C4244: '인수': 'int'에서 'float'(으)로 변환하면서 데이터가 손실될 수 있습니다.
C:\Users\M\Desktop\IceClimber\FrameWork\Character.cpp(1101,101): warning C4244: '인수': 'double'에서 'float'(으)로 변환하면서 데이터가 손실될 수 있습니다.
C:\Users\M\Desktop\IceClimber\FrameWork\Character.cpp(1101,93): warning C4244: '인수': 'double'에서 'float'(으)로 변환하면서 데이터가 손실될 수 있습니다.
C:\Users\M\Desktop\IceClimber\FrameWork\Character.cpp(1101,78): warning C4244: '인수': 'int'에서 'float'(으)로 변환하면서 데이터가 손실될 수 있습니다.
C:\Users\M\Desktop\IceClimber\FrameWork\Character.cpp(1101,46): warning C4244: '인수': 'int'에서 'float'(으)로 변환하면서 데이터가 손실될 수 있습니다.
C:\Users\M\Desktop\IceClimber\FrameWork\Character.cpp(1107,101): warning C4244: '인수': 'double'에서 'float'(으)로 변환하면서 데이터가 손실될 수 있습니다.
C:\Users\M\Desktop\IceClimber\FrameWork\Character.cpp(1107,94): warning C4244: '인수': 'double'에서 'float'(으)로 변환하면서 데이터가 손실될 수 있습니다.
C:\Users\M\Desktop\IceClimber\FrameWork\Character.cpp(1107,79): warning C4244: '인수': 'int'에서 'float'(으)로 변환하면서 데이터가 손실될 수 있습니다.
C:\Users\M\Desktop\IceClimber\FrameWork\Character.cpp(1107,47): warning C4244: '인수': 'int'에서 'float'(으)로 변환하면서 데이터가 손실될 수 있습니다.
C:\Users\M\Desktop\IceClimber\FrameWork\Character.cpp(1109,99): warning C4244: '인수': 'double'에서 'float'(으)로 변환하면서 데이터가 손실될 수 있습니다.
C:\Users\M\Desktop\IceClimber\FrameWork\Character.cpp(1109,92): warning C4244: '인수': 'double'에서 'float'(으)로 변환하면서 데이터가 손실될 수 있습니다.
C:\Users\M\Desktop\IceClimber\FrameWork\Character.cpp(1109,77): warning C4244: '인수': 'int'에서 'float'(으)로 변환하면서 데이터가 손실될 수 있습니다.
C:\Users\M\Desktop\IceClimber\FrameWork\Character.cpp(1109,45): warning C4244: '인수': 'int'에서 'float'(으)로 변환하면서 데이터가 손실될 수 있습니다.
C:\Users\M\Desktop\IceClimber\FrameWork\Character.cpp(1111,99): warning C4244: '인수': 'double'에서 'float'(으)로 변환하면서 데이터가 손실될 수 있습니다.
C:\Users\M\Desktop\IceClimber\FrameWork\Character.cpp(1111,92): warning C4244: '인수': 'double'에서 'float'(으)로 변환하면서 데이터가 손실될 수 있습니다.
C:\Users\M\Desktop\IceClimber\FrameWork\Character.cpp(1111,77): warning C4244: '인수': 'int'에서 'float'(으)로 변환하면서 데이터가 손실될 수 있습니다.
C:\Users\M\Desktop\IceClimber\FrameWork\Character.cpp(1111,45): warning C4244: '인수': 'int'에서 'float'(으)로 변환하면서 데이터가 손실될 수 있습니다.
C:\Users\M\Desktop\IceClimber\FrameWork\Character.cpp(1113,98): warning C4244: '인수': 'double'에서 'float'(으)로 변환하면서 데이터가 손실될 수 있습니다.
C:\Users\M\Desktop\IceClimber\FrameWork\Character.cpp(1113,91): warning C4244: '인수': 'double'에서 'float'(으)로 변환하면서 데이터가 손실될 수 있습니다.
C:\Users\M\Desktop\IceClimber\FrameWork\Character.cpp(1113,76): warning C4244: '인수': 'int'에서 'float'(으)로 변환하면서 데이터가 손실될 수 있습니다.
C:\Users\M\Desktop\IceClimber\FrameWork\Character.cpp(1113,44): warning C4244: '인수': 'int'에서 'float'(으)로 변환하면서 데이터가 손실될 수 있습니다.
C:\Users\M\Desktop\IceClimber\FrameWork\Character.cpp(1115,100): warning C4244: '인수': 'double'에서 'float'(으)로 변환하면서 데이터가 손실될 수 있습니다.
C:\Users\M\Desktop\IceClimber\FrameWork\Character.cpp(1115,93): warning C4244: '인수': 'double'에서 'float'(으)로 변환하면서 데이터가 손실될 수 있습니다.
C:\Users\M\Desktop\IceClimber\FrameWork\Character.cpp(1115,78): warning C4244: '인수': 'int'에서 'float'(으)로 변환하면서 데이터가 손실될 수 있습니다.
C:\Users\M\Desktop\IceClimber\FrameWork\Character.cpp(1115,46): warning C4244: '인수': 'int'에서 'float'(으)로 변환하면서 데이터가 손실될 수 있습니다.
C:\Users\M\Desktop\IceClimber\FrameWork\Character.cpp(1135,60): warning C4244: '인수': 'double'에서 'int'(으)로 변환하면서 데이터가 손실될 수 있습니다.
C:\Users\M\Desktop\IceClimber\FrameWork\Character.cpp(1135,36): warning C4244: '인수': 'double'에서 'int'(으)로 변환하면서 데이터가 손실될 수 있습니다.
C:\Users\M\Desktop\IceClimber\FrameWork\Character.cpp(1136,61): warning C4244: '인수': 'double'에서 'int'(으)로 변환하면서 데이터가 손실될 수 있습니다.
C:\Users\M\Desktop\IceClimber\FrameWork\Character.cpp(1136,37): warning C4244: '인수': 'double'에서 'int'(으)로 변환하면서 데이터가 손실될 수 있습니다.
C:\Users\M\Desktop\IceClimber\FrameWork\Character.cpp(1137,63): warning C4244: '인수': 'double'에서 'int'(으)로 변환하면서 데이터가 손실될 수 있습니다.
C:\Users\M\Desktop\IceClimber\FrameWork\Character.cpp(1137,36): warning C4244: '인수': 'double'에서 'int'(으)로 변환하면서 데이터가 손실될 수 있습니다.
C:\Users\M\Desktop\IceClimber\FrameWork\Character.cpp(1138,64): warning C4244: '인수': 'double'에서 'int'(으)로 변환하면서 데이터가 손실될 수 있습니다.
C:\Users\M\Desktop\IceClimber\FrameWork\Character.cpp(1138,37): warning C4244: '인수': 'double'에서 'int'(으)로 변환하면서 데이터가 손실될 수 있습니다.
C:\Users\M\Desktop\IceClimber\FrameWork\Character.cpp(1152,108): warning C4305: '인수': 'double'에서 'float'(으)로 잘립니다.
C:\Users\M\Desktop\IceClimber\FrameWork\Character.cpp(1152,103): warning C4305: '인수': 'double'에서 'float'(으)로 잘립니다.
C:\Users\M\Desktop\IceClimber\FrameWork\Character.cpp(1152,89): warning C4244: '인수': 'int'에서 'float'(으)로 변환하면서 데이터가 손실될 수 있습니다.
C:\Users\M\Desktop\IceClimber\FrameWork\Character.cpp(1152,47): warning C4244: '인수': 'int'에서 'float'(으)로 변환하면서 데이터가 손실될 수 있습니다.
C:\Users\M\Desktop\IceClimber\FrameWork\Character.cpp(1153,93): warning C4244: '인수': 'int'에서 'float'(으)로 변환하면서 데이터가 손실될 수 있습니다.
C:\Users\M\Desktop\IceClimber\FrameWork\Character.cpp(1153,38): warning C4244: '인수': 'int'에서 'float'(으)로 변환하면서 데이터가 손실될 수 있습니다.
C:\Users\M\Desktop\IceClimber\FrameWork\Character.cpp(1158,93): warning C4244: '인수': 'int'에서 'float'(으)로 변환하면서 데이터가 손실될 수 있습니다.
C:\Users\M\Desktop\IceClimber\FrameWork\Character.cpp(1158,38): warning C4244: '인수': 'int'에서 'float'(으)로 변환하면서 데이터가 손실될 수 있습니다.
C:\Users\M\Desktop\IceClimber\FrameWork\Character.cpp(1168,111): warning C4244: '인수': 'double'에서 'float'(으)로 변환하면서 데이터가 손실될 수 있습니다.
C:\Users\M\Desktop\IceClimber\FrameWork\Character.cpp(1168,103): warning C4244: '인수': 'double'에서 'float'(으)로 변환하면서 데이터가 손실될 수 있습니다.
C:\Users\M\Desktop\IceClimber\FrameWork\Character.cpp(1168,89): warning C4244: '인수': 'int'에서 'float'(으)로 변환하면서 데이터가 손실될 수 있습니다.
C:\Users\M\Desktop\IceClimber\FrameWork\Character.cpp(1168,47): warning C4244: '인수': 'int'에서 'float'(으)로 변환하면서 데이터가 손실될 수 있습니다.
C:\Users\M\Desktop\IceClimber\FrameWork\Character.cpp(1170,109): warning C4244: '인수': 'double'에서 'float'(으)로 변환하면서 데이터가 손실될 수 있습니다.
C:\Users\M\Desktop\IceClimber\FrameWork\Character.cpp(1170,101): warning C4244: '인수': 'double'에서 'float'(으)로 변환하면서 데이터가 손실될 수 있습니다.
C:\Users\M\Desktop\IceClimber\FrameWork\Character.cpp(1170,87): warning C4244: '인수': 'int'에서 'float'(으)로 변환하면서 데이터가 손실될 수 있습니다.
C:\Users\M\Desktop\IceClimber\FrameWork\Character.cpp(1170,45): warning C4244: '인수': 'int'에서 'float'(으)로 변환하면서 데이터가 손실될 수 있습니다.
C:\Users\M\Desktop\IceClimber\FrameWork\Character.cpp(1172,109): warning C4244: '인수': 'double'에서 'float'(으)로 변환하면서 데이터가 손실될 수 있습니다.
C:\Users\M\Desktop\IceClimber\FrameWork\Character.cpp(1172,101): warning C4244: '인수': 'double'에서 'float'(으)로 변환하면서 데이터가 손실될 수 있습니다.
C:\Users\M\Desktop\IceClimber\FrameWork\Character.cpp(1172,87): warning C4244: '인수': 'int'에서 'float'(으)로 변환하면서 데이터가 손실될 수 있습니다.
C:\Users\M\Desktop\IceClimber\FrameWork\Character.cpp(1172,45): warning C4244: '인수': 'int'에서 'float'(으)로 변환하면서 데이터가 손실될 수 있습니다.
C:\Users\M\Desktop\IceClimber\FrameWork\Character.cpp(1174,108): warning C4244: '인수': 'double'에서 'float'(으)로 변환하면서 데이터가 손실될 수 있습니다.
C:\Users\M\Desktop\IceClimber\FrameWork\Character.cpp(1174,100): warning C4244: '인수': 'double'에서 'float'(으)로 변환하면서 데이터가 손실될 수 있습니다.
C:\Users\M\Desktop\IceClimber\FrameWork\Character.cpp(1174,86): warning C4244: '인수': 'int'에서 'float'(으)로 변환하면서 데이터가 손실될 수 있습니다.
C:\Users\M\Desktop\IceClimber\FrameWork\Character.cpp(1174,44): warning C4244: '인수': 'int'에서 'float'(으)로 변환하면서 데이터가 손실될 수 있습니다.
C:\Users\M\Desktop\IceClimber\FrameWork\Character.cpp(1176,110): warning C4244: '인수': 'double'에서 'float'(으)로 변환하면서 데이터가 손실될 수 있습니다.
C:\Users\M\Desktop\IceClimber\FrameWork\Character.cpp(1176,102): warning C4244: '인수': 'double'에서 'float'(으)로 변환하면서 데이터가 손실될 수 있습니다.
C:\Users\M\Desktop\IceClimber\FrameWork\Character.cpp(1176,88): warning C4244: '인수': 'int'에서 'float'(으)로 변환하면서 데이터가 손실될 수 있습니다.
C:\Users\M\Desktop\IceClimber\FrameWork\Character.cpp(1176,46): warning C4244: '인수': 'int'에서 'float'(으)로 변환하면서 데이터가 손실될 수 있습니다.
C:\Users\M\Desktop\IceClimber\FrameWork\Character.cpp(1182,110): warning C4244: '인수': 'double'에서 'float'(으)로 변환하면서 데이터가 손실될 수 있습니다.
C:\Users\M\Desktop\IceClimber\FrameWork\Character.cpp(1182,103): warning C4244: '인수': 'double'에서 'float'(으)로 변환하면서 데이터가 손실될 수 있습니다.
C:\Users\M\Desktop\IceClimber\FrameWork\Character.cpp(1182,89): warning C4244: '인수': 'int'에서 'float'(으)로 변환하면서 데이터가 손실될 수 있습니다.
C:\Users\M\Desktop\IceClimber\FrameWork\Character.cpp(1182,47): warning C4244: '인수': 'int'에서 'float'(으)로 변환하면서 데이터가 손실될 수 있습니다.
C:\Users\M\Desktop\IceClimber\FrameWork\Character.cpp(1184,108): warning C4244: '인수': 'double'에서 'float'(으)로 변환하면서 데이터가 손실될 수 있습니다.
C:\Users\M\Desktop\IceClimber\FrameWork\Character.cpp(1184,101): warning C4244: '인수': 'double'에서 'float'(으)로 변환하면서 데이터가 손실될 수 있습니다.
C:\Users\M\Desktop\IceClimber\FrameWork\Character.cpp(1184,87): warning C4244: '인수': 'int'에서 'float'(으)로 변환하면서 데이터가 손실될 수 있습니다.
C:\Users\M\Desktop\IceClimber\FrameWork\Character.cpp(1184,45): warning C4244: '인수': 'int'에서 'float'(으)로 변환하면서 데이터가 손실될 수 있습니다.
C:\Users\M\Desktop\IceClimber\FrameWork\Character.cpp(1186,108): warning C4244: '인수': 'double'에서 'float'(으)로 변환하면서 데이터가 손실될 수 있습니다.
C:\Users\M\Desktop\IceClimber\FrameWork\Character.cpp(1186,101): warning C4244: '인수': 'double'에서 'float'(으)로 변환하면서 데이터가 손실될 수 있습니다.
C:\Users\M\Desktop\IceClimber\FrameWork\Character.cpp(1186,87): warning C4244: '인수': 'int'에서 'float'(으)로 변환하면서 데이터가 손실될 수 있습니다.
C:\Users\M\Desktop\IceClimber\FrameWork\Character.cpp(1186,45): warning C4244: '인수': 'int'에서 'float'(으)로 변환하면서 데이터가 손실될 수 있습니다.
C:\Users\M\Desktop\IceClimber\FrameWork\Character.cpp(1188,107): warning C4244: '인수': 'double'에서 'float'(으)로 변환하면서 데이터가 손실될 수 있습니다.
C:\Users\M\Desktop\IceClimber\FrameWork\Character.cpp(1188,100): warning C4244: '인수': 'double'에서 'float'(으)로 변환하면서 데이터가 손실될 수 있습니다.
C:\Users\M\Desktop\IceClimber\FrameWork\Character.cpp(1188,86): warning C4244: '인수': 'int'에서 'float'(으)로 변환하면서 데이터가 손실될 수 있습니다.
C:\Users\M\Desktop\IceClimber\FrameWork\Character.cpp(1188,44): warning C4244: '인수': 'int'에서 'float'(으)로 변환하면서 데이터가 손실될 수 있습니다.
C:\Users\M\Desktop\IceClimber\FrameWork\Character.cpp(1190,109): warning C4244: '인수': 'double'에서 'float'(으)로 변환하면서 데이터가 손실될 수 있습니다.
C:\Users\M\Desktop\IceClimber\FrameWork\Character.cpp(1190,102): warning C4244: '인수': 'double'에서 'float'(으)로 변환하면서 데이터가 손실될 수 있습니다.
C:\Users\M\Desktop\IceClimber\FrameWork\Character.cpp(1190,88): warning C4244: '인수': 'int'에서 'float'(으)로 변환하면서 데이터가 손실될 수 있습니다.
C:\Users\M\Desktop\IceClimber\FrameWork\Character.cpp(1190,46): warning C4244: '인수': 'int'에서 'float'(으)로 변환하면서 데이터가 손실될 수 있습니다.
  CMng.cpp
  Collider.cpp
  Data.cpp
  Device.cpp
C:\Users\M\Desktop\IceClimber\FrameWork\Device.cpp(74,27): warning C4838: 'UINT'에서 'LONG'(으)로의 변환에는 축소 변환이 필요합니다.
  DXUTsound.cpp
  DeviceFont.cpp
C:\Users\M\Desktop\IceClimber\FrameWork\DeviceFont.cpp(79,35): warning C4838: 'size_t'에서 'LONG'(으)로의 변환에는 축소 변환이 필요합니다.
C:\Users\M\Desktop\IceClimber\FrameWork\DeviceFont.cpp(79,35): warning C4267: '초기화 중': 'size_t'에서 'LONG'(으)로 변환하면서 데이터가 손실될 수 있습니다.
C:\Users\M\Desktop\IceClimber\FrameWork\DeviceFont.cpp(83,40): warning C4267: '인수': 'size_t'에서 'INT'(으)로 변환하면서 데이터가 손실될 수 있습니다.
  Game.cpp
  GameManager.cpp
C:\Users\M\Desktop\IceClimber\FrameWork\GameManager.cpp(30,8): warning C4101: 'token' :참조되지 않은 지역 변수입니다.
  Logo.cpp
C:\Users\M\Desktop\IceClimber\FrameWork\Logo.cpp(71,34): warning C4244: '인수': 'float'에서 'int'(으)로 변환하면서 데이터가 손실될 수 있습니다.
  Main.cpp
C:\Users\M\Desktop\IceClimber\FrameWork\Main.cpp(112,11): warning C4244: '=': 'float'에서 'int'(으)로 변환하면서 데이터가 손실될 수 있습니다.
C:\Users\M\Desktop\IceClimber\FrameWork\Main.cpp(134,12): warning C4244: 'return': 'WPARAM'에서 'int'(으)로 변환하면서 데이터가 손실될 수 있습니다.
C:\Users\M\Desktop\IceClimber\FrameWork\Main.cpp(147,11): warning C4244: '=': 'WPARAM'에서 'char'(으)로 변환하면서 데이터가 손실될 수 있습니다.
  Map.cpp
  MapManager.cpp
  Menu.cpp
C:\Users\M\Desktop\IceClimber\FrameWork\Menu.cpp(105,28): warning C4244: '인수': 'int'에서 'float'(으)로 변환하면서 데이터가 손실될 수 있습니다.
C:\Users\M\Desktop\IceClimber\FrameWork\Menu.cpp(122,34): warning C4244: '인수': 'int'에서 'float'(으)로 변환하면서 데이터가 손실될 수 있습니다.
C:\Users\M\Desktop\IceClimber\FrameWork\Menu.cpp(125,29): warning C4244: '인수': 'int'에서 'float'(으)로 변환하면서 데이터가 손실될 수 있습니다.
C:\Users\M\Desktop\IceClimber\FrameWork\Menu.cpp(125,71): warning C4244: '인수': 'int'에서 'float'(으)로 변환하면서 데이터가 손실될 수 있습니다.
C:\Users\M\Desktop\IceClimber\FrameWork\Menu.cpp(143,28): warning C4244: '인수': 'int'에서 'float'(으)로 변환하면서 데이터가 손실될 수 있습니다.
C:\Users\M\Desktop\IceClimber\FrameWork\Menu.cpp(160,34): warning C4244: '인수': 'int'에서 'float'(으)로 변환하면서 데이터가 손실될 수 있습니다.
C:\Users\M\Desktop\IceClimber\FrameWork\Menu.cpp(163,30): warning C4244: '인수': 'int'에서 'float'(으)로 변환하면서 데이터가 손실될 수 있습니다.
C:\Users\M\Desktop\IceClimber\FrameWork\Menu.cpp(163,74): warning C4244: '인수': 'int'에서 'float'(으)로 변환하면서 데이터가 손실될 수 있습니다.
C:\Users\M\Desktop\IceClimber\FrameWork\Menu.cpp(250,22): warning C4244: '인수': 'int'에서 'float'(으)로 변환하면서 데이터가 손실될 수 있습니다.
C:\Users\M\Desktop\IceClimber\FrameWork\Menu.cpp(253,36): warning C4244: '인수': 'int'에서 'float'(으)로 변환하면서 데이터가 손실될 수 있습니다.
C:\Users\M\Desktop\IceClimber\FrameWork\Menu.cpp(254,24): warning C4244: '인수': 'int'에서 'float'(으)로 변환하면서 데이터가 손실될 수 있습니다.
C:\Users\M\Desktop\IceClimber\FrameWork\Menu.cpp(257,36): warning C4244: '인수': 'int'에서 'float'(으)로 변환하면서 데이터가 손실될 수 있습니다.
C:\Users\M\Desktop\IceClimber\FrameWork\Menu.cpp(258,38): warning C4244: '인수': 'int'에서 'float'(으)로 변환하면서 데이터가 손실될 수 있습니다.
C:\Users\M\Desktop\IceClimber\FrameWork\Menu.cpp(259,24): warning C4244: '인수': 'int'에서 'float'(으)로 변환하면서 데이터가 손실될 수 있습니다.
C:\Users\M\Desktop\IceClimber\FrameWork\Menu.cpp(262,36): warning C4244: '인수': 'int'에서 'float'(으)로 변환하면서 데이터가 손실될 수 있습니다.
C:\Users\M\Desktop\IceClimber\FrameWork\Menu.cpp(263,38): warning C4244: '인수': 'int'에서 'float'(으)로 변환하면서 데이터가 손실될 수 있습니다.
C:\Users\M\Desktop\IceClimber\FrameWork\Menu.cpp(264,38): warning C4244: '인수': 'int'에서 'float'(으)로 변환하면서 데이터가 손실될 수 있습니다.
C:\Users\M\Desktop\IceClimber\FrameWork\Menu.cpp(301,22): warning C4244: '인수': 'int'에서 'float'(으)로 변환하면서 데이터가 손실될 수 있습니다.
C:\Users\M\Desktop\IceClimber\FrameWork\Menu.cpp(304,36): warning C4244: '인수': 'int'에서 'float'(으)로 변환하면서 데이터가 손실될 수 있습니다.
C:\Users\M\Desktop\IceClimber\FrameWork\Menu.cpp(305,24): warning C4244: '인수': 'int'에서 'float'(으)로 변환하면서 데이터가 손실될 수 있습니다.
C:\Users\M\Desktop\IceClimber\FrameWork\Menu.cpp(308,36): warning C4244: '인수': 'int'에서 'float'(으)로 변환하면서 데이터가 손실될 수 있습니다.
C:\Users\M\Desktop\IceClimber\FrameWork\Menu.cpp(309,38): warning C4244: '인수': 'int'에서 'float'(으)로 변환하면서 데이터가 손실될 수 있습니다.
C:\Users\M\Desktop\IceClimber\FrameWork\Menu.cpp(310,24): warning C4244: '인수': 'int'에서 'float'(으)로 변환하면서 데이터가 손실될 수 있습니다.
C:\Users\M\Desktop\IceClimber\FrameWork\Menu.cpp(313,36): warning C4244: '인수': 'int'에서 'float'(으)로 변환하면서 데이터가 손실될 수 있습니다.
C:\Users\M\Desktop\IceClimber\FrameWork\Menu.cpp(314,38): warning C4244: '인수': 'int'에서 'float'(으)로 변환하면서 데이터가 손실될 수 있습니다.
C:\Users\M\Desktop\IceClimber\FrameWork\Menu.cpp(315,38): warning C4244: '인수': 'int'에서 'float'(으)로 변환하면서 데이터가 손실될 수 있습니다.
  Monster.cpp
C:\Users\M\Desktop\IceClimber\FrameWork\Monster.cpp(399,85): warning C4244: '인수': 'double'에서 'float'(으)로 변환하면서 데이터가 손실될 수 있습니다.
C:\Users\M\Desktop\IceClimber\FrameWork\Monster.cpp(399,78): warning C4244: '인수': 'double'에서 'float'(으)로 변환하면서 데이터가 손실될 수 있습니다.
C:\Users\M\Desktop\IceClimber\FrameWork\Monster.cpp(399,69): warning C4244: '인수': 'int'에서 'float'(으)로 변환하면서 데이터가 손실될 수 있습니다.
C:\Users\M\Desktop\IceClimber\FrameWork\Monster.cpp(399,47): warning C4244: '인수': 'int'에서 'float'(으)로 변환하면서 데이터가 손실될 수 있습니다.
C:\Users\M\Desktop\IceClimber\FrameWork\Monster.cpp(401,86): warning C4244: '인수': 'double'에서 'float'(으)로 변환하면서 데이터가 손실될 수 있습니다.
C:\Users\M\Desktop\IceClimber\FrameWork\Monster.cpp(401,78): warning C4244: '인수': 'double'에서 'float'(으)로 변환하면서 데이터가 손실될 수 있습니다.
C:\Users\M\Desktop\IceClimber\FrameWork\Monster.cpp(401,69): warning C4244: '인수': 'int'에서 'float'(으)로 변환하면서 데이터가 손실될 수 있습니다.
C:\Users\M\Desktop\IceClimber\FrameWork\Monster.cpp(401,47): warning C4244: '인수': 'int'에서 'float'(으)로 변환하면서 데이터가 손실될 수 있습니다.
C:\Users\M\Desktop\IceClimber\FrameWork\Monster.cpp(405,58): warning C4305: '인수': 'double'에서 'float'(으)로 잘립니다.
C:\Users\M\Desktop\IceClimber\FrameWork\Monster.cpp(405,53): warning C4305: '인수': 'double'에서 'float'(으)로 잘립니다.
C:\Users\M\Desktop\IceClimber\FrameWork\Monster.cpp(405,43): warning C4244: '인수': 'int'에서 'float'(으)로 변환하면서 데이터가 손실될 수 있습니다.
C:\Users\M\Desktop\IceClimber\FrameWork\Monster.cpp(405,24): warning C4244: '인수': 'int'에서 'float'(으)로 변환하면서 데이터가 손실될 수 있습니다.
C:\Users\M\Desktop\IceClimber\FrameWork\Monster.cpp(410,88): warning C4244: '인수': 'double'에서 'float'(으)로 변환하면서 데이터가 손실될 수 있습니다.
C:\Users\M\Desktop\IceClimber\FrameWork\Monster.cpp(410,81): warning C4244: '인수': 'double'에서 'float'(으)로 변환하면서 데이터가 손실될 수 있습니다.
C:\Users\M\Desktop\IceClimber\FrameWork\Monster.cpp(410,72): warning C4244: '인수': 'int'에서 'float'(으)로 변환하면서 데이터가 손실될 수 있습니다.
C:\Users\M\Desktop\IceClimber\FrameWork\Monster.cpp(410,50): warning C4244: '인수': 'int'에서 'float'(으)로 변환하면서 데이터가 손실될 수 있습니다.
C:\Users\M\Desktop\IceClimber\FrameWork\Monster.cpp(412,89): warning C4244: '인수': 'double'에서 'float'(으)로 변환하면서 데이터가 손실될 수 있습니다.
C:\Users\M\Desktop\IceClimber\FrameWork\Monster.cpp(412,81): warning C4244: '인수': 'double'에서 'float'(으)로 변환하면서 데이터가 손실될 수 있습니다.
C:\Users\M\Desktop\IceClimber\FrameWork\Monster.cpp(412,72): warning C4244: '인수': 'int'에서 'float'(으)로 변환하면서 데이터가 손실될 수 있습니다.
C:\Users\M\Desktop\IceClimber\FrameWork\Monster.cpp(412,50): warning C4244: '인수': 'int'에서 'float'(으)로 변환하면서 데이터가 손실될 수 있습니다.
C:\Users\M\Desktop\IceClimber\FrameWork\Monster.cpp(456,97): warning C4244: '인수': 'double'에서 'float'(으)로 변환하면서 데이터가 손실될 수 있습니다.
C:\Users\M\Desktop\IceClimber\FrameWork\Monster.cpp(456,90): warning C4244: '인수': 'double'에서 'float'(으)로 변환하면서 데이터가 손실될 수 있습니다.
C:\Users\M\Desktop\IceClimber\FrameWork\Monster.cpp(456,75): warning C4244: '인수': 'int'에서 'float'(으)로 변환하면서 데이터가 손실될 수 있습니다.
C:\Users\M\Desktop\IceClimber\FrameWork\Monster.cpp(456,48): warning C4244: '인수': 'int'에서 'float'(으)로 변환하면서 데이터가 손실될 수 있습니다.
C:\Users\M\Desktop\IceClimber\FrameWork\Monster.cpp(458,98): warning C4244: '인수': 'double'에서 'float'(으)로 변환하면서 데이터가 손실될 수 있습니다.
C:\Users\M\Desktop\IceClimber\FrameWork\Monster.cpp(458,90): warning C4244: '인수': 'double'에서 'float'(으)로 변환하면서 데이터가 손실될 수 있습니다.
C:\Users\M\Desktop\IceClimber\FrameWork\Monster.cpp(458,75): warning C4244: '인수': 'int'에서 'float'(으)로 변환하면서 데이터가 손실될 수 있습니다.
C:\Users\M\Desktop\IceClimber\FrameWork\Monster.cpp(458,48): warning C4244: '인수': 'int'에서 'float'(으)로 변환하면서 데이터가 손실될 수 있습니다.
C:\Users\M\Desktop\IceClimber\FrameWork\Monster.cpp(462,100): warning C4244: '인수': 'double'에서 'float'(으)로 변환하면서 데이터가 손실될 수 있습니다.
C:\Users\M\Desktop\IceClimber\FrameWork\Monster.cpp(462,93): warning C4244: '인수': 'double'에서 'float'(으)로 변환하면서 데이터가 손실될 수 있습니다.
C:\Users\M\Desktop\IceClimber\FrameWork\Monster.cpp(462,78): warning C4244: '인수': 'int'에서 'float'(으)로 변환하면서 데이터가 손실될 수 있습니다.
C:\Users\M\Desktop\IceClimber\FrameWork\Monster.cpp(462,51): warning C4244: '인수': 'int'에서 'float'(으)로 변환하면서 데이터가 손실될 수 있습니다.
C:\Users\M\Desktop\IceClimber\FrameWork\Monster.cpp(464,101): warning C4244: '인수': 'double'에서 'float'(으)로 변환하면서 데이터가 손실될 수 있습니다.
C:\Users\M\Desktop\IceClimber\FrameWork\Monster.cpp(464,93): warning C4244: '인수': 'double'에서 'float'(으)로 변환하면서 데이터가 손실될 수 있습니다.
C:\Users\M\Desktop\IceClimber\FrameWork\Monster.cpp(464,78): warning C4244: '인수': 'int'에서 'float'(으)로 변환하면서 데이터가 손실될 수 있습니다.
C:\Users\M\Desktop\IceClimber\FrameWork\Monster.cpp(464,51): warning C4244: '인수': 'int'에서 'float'(으)로 변환하면서 데이터가 손실될 수 있습니다.
  mysql.cpp
  Over.cpp
  Sound.cpp
  코드를 생성하고 있습니다...
C:\Users\M\Desktop\IceClimber\FrameWork\Monster.cpp(548,1): warning C4715: 'Monster::Collision_turn': 모든 제어 경로에서 값을 반환하지는 않습니다.
  컴파일하고 있습니다...
  Sprite.cpp
  코드를 생성하고 있습니다...
  FrameWork.vcxproj -> C:\Users\M\Desktop\IceClimber\x64\Debug\IceClimber.exe
