c:\users\m\downloads\최종버전\framework\x64\debug\vc143.pdb
c:\users\m\downloads\최종버전\framework\x64\debug\vc143.idb
c:\users\m\downloads\최종버전\framework\x64\debug\sound.obj
c:\users\m\downloads\최종버전\framework\x64\debug\over.obj
c:\users\m\downloads\최종버전\framework\x64\debug\mysql.obj
c:\users\m\downloads\최종버전\framework\x64\debug\monster.obj
c:\users\m\downloads\최종버전\framework\x64\debug\menu.obj
c:\users\m\downloads\최종버전\framework\x64\debug\mapmanager.obj
c:\users\m\downloads\최종버전\framework\x64\debug\map.obj
c:\users\m\downloads\최종버전\framework\x64\debug\main.obj
c:\users\m\downloads\최종버전\framework\x64\debug\logo.obj
c:\users\m\downloads\최종버전\framework\x64\debug\gamemanager.obj
c:\users\m\downloads\최종버전\framework\x64\debug\game.obj
c:\users\m\downloads\최종버전\framework\x64\debug\devicefont.obj
c:\users\m\downloads\최종버전\framework\x64\debug\dxutsound.obj
c:\users\m\downloads\최종버전\framework\x64\debug\device.obj
c:\users\m\downloads\최종버전\framework\x64\debug\data.obj
c:\users\m\downloads\최종버전\framework\x64\debug\collider.obj
c:\users\m\downloads\최종버전\framework\x64\debug\cmng.obj
c:\users\m\downloads\최종버전\framework\x64\debug\character.obj
c:\users\m\downloads\최종버전\framework\x64\debug\blockmanager.obj
c:\users\m\downloads\최종버전\framework\x64\debug\block.obj
c:\users\m\downloads\최종버전\framework\x64\debug\sprite.obj
c:\users\m\downloads\최종버전\x64\debug\framework.exe
c:\users\m\downloads\최종버전\x64\debug\framework.pdb
c:\users\m\downloads\최종버전\framework\x64\debug\framework.ilk
c:\users\m\downloads\최종버전\framework\x64\debug\iceclimber.pdb
c:\users\m\downloads\최종버전\framework\x64\debug\framework.tlog\cl.command.1.tlog
c:\users\m\downloads\최종버전\framework\x64\debug\framework.tlog\cl.items.tlog
c:\users\m\downloads\최종버전\framework\x64\debug\framework.tlog\cl.read.1.tlog
c:\users\m\downloads\최종버전\framework\x64\debug\framework.tlog\cl.write.1.tlog
c:\users\m\downloads\최종버전\framework\x64\debug\framework.tlog\link.command.1.tlog
c:\users\m\downloads\최종버전\framework\x64\debug\framework.tlog\link.read.1.tlog
c:\users\m\downloads\최종버전\framework\x64\debug\framework.tlog\link.secondary.1.tlog
c:\users\m\downloads\최종버전\framework\x64\debug\framework.tlog\link.write.1.tlog
